$ ./jenkins-install.sh
gcloud config set project initialkubetest
Updated property [core/project].
kubectx gke_initialkubetest_us-east1-b_ikt-e1-02
Switched to context "gke_initialkubetest_us-east1-b_ikt-e1-02".
kubectl create namespace jenkins
namespace/jenkins created
kubectl get namespaces
NAME              STATUS   AGE
default           Active   57m
jenkins           Active   0s
kube-node-lease   Active   57m
kube-public       Active   57m
kube-system       Active   57m
helm repo update
Hang tight while we grab the latest from your chart repositories...
...Successfully got an update from the "jenkinsci" chart repository
...Successfully got an update from the "jenkins" chart repository
...Successfully got an update from the "incubator" chart repository
...Successfully got an update from the "bitnami" chart repository
...Successfully got an update from the "stable" chart repository
Update Complete. ⎈Happy Helming!⎈
helm search repo bitnami
NAME                                        	CHART VERSION	APP VERSION  	DESCRIPTION
bitnami/bitnami-common                      	0.0.9        	0.0.9        	DEPRECATED Chart with custom templates used in ...
bitnami/airflow                             	10.3.1       	2.1.2        	Apache Airflow is a platform to programmaticall...
bitnami/apache                              	8.6.2        	2.4.48       	Chart for Apache HTTP Server
bitnami/argo-cd                             	1.0.3        	2.0.5        	Declarative, GitOps continuous delivery tool fo...
bitnami/aspnet-core                         	1.3.15       	3.1.18       	ASP.NET Core is an open-source framework create...
bitnami/cassandra                           	8.0.2        	4.0.0        	Apache Cassandra is a free and open-source dist...
bitnami/cert-manager                        	0.1.19       	1.5.3        	Cert Manager is a Kubernetes add-on to automate...
bitnami/common                              	1.8.0        	1.8.0        	A Library Helm Chart for grouping common logic ...
bitnami/concourse                           	0.1.4        	7.4.0        	Concourse is a pipeline-based continuous thing-...
bitnami/consul                              	9.3.3        	1.10.1       	Highly available and distributed service discov...
bitnami/contour                             	5.3.0        	1.18.0       	Contour Ingress controller for Kubernetes
bitnami/dataplatform-bp1                    	7.0.0        	1.0.0        	OCTO Data platform Kafka-Spark-Solr Helm Chart
bitnami/dataplatform-bp2                    	5.0.0        	1.0.0        	OCTO Data platform Kafka-Spark-Elasticsearch He...
bitnami/discourse                           	4.2.12       	2.7.7        	A Helm chart for deploying Discourse to Kubernetes
bitnami/dokuwiki                            	11.2.4       	20200729.0.0 	DokuWiki is a standards-compliant, simple to us...
bitnami/drupal                              	10.2.33      	9.2.4        	One of the most versatile open source content m...
bitnami/ejbca                               	2.3.3        	6.15.2-6     	Enterprise class PKI Certificate Authority buil...
bitnami/elasticsearch                       	15.10.4      	7.14.0       	A highly scalable open-source full-text search ...
bitnami/etcd                                	6.6.1        	3.5.0        	etcd is a distributed key value store that prov...
bitnami/external-dns                        	5.4.2        	0.9.0        	ExternalDNS is a Kubernetes addon that configur...
bitnami/fluentd                             	4.1.5        	1.13.3       	Fluentd is an open source data collector for un...
bitnami/ghost                               	14.0.13      	4.12.1       	A simple, powerful publishing platform that all...
bitnami/grafana                             	6.1.10       	8.1.2        	Grafana is an open source, feature rich metrics...
bitnami/grafana-operator                    	1.1.2        	3.10.3       	Kubernetes Operator based on the Operator SDK f...
bitnami/grafana-tempo                       	0.2.3        	1.0.1        	Grafana Tempo is an open source, easy-to-use an...
bitnami/haproxy                             	0.2.6        	2.4.0        	HAProxy is a TCP proxy and a HTTP reverse proxy...
bitnami/harbor                              	10.2.10      	2.3.2        	Harbor is an an open source trusted cloud nativ...
bitnami/influxdb                            	2.3.6        	2.0.8        	InfluxDB&trade; is an open source time-series d...
bitnami/jasperreports                       	11.0.3       	7.8.0        	The JasperReports server can be used as a stand...
bitnami/jenkins                             	8.0.11       	2.303.1      	The leading open source automation server
bitnami/joomla                              	10.1.20      	3.10.1       	PHP content management system (CMS) for publish...
bitnami/jupyterhub                          	0.1.17       	1.4.2        	JupyterHub brings the power of notebooks to gro...
bitnami/kafka                               	14.0.4       	2.8.0        	Apache Kafka is a distributed streaming platform.
bitnami/keycloak                            	5.0.1        	15.0.2       	Keycloak is a high performance Java-based ident...
bitnami/kiam                                	0.3.13       	3.6.0        	kiam is a proxy that captures AWS Metadata API ...
bitnami/kibana                              	8.2.3        	7.14.0       	Kibana is an open source, browser based analyti...
bitnami/kong                                	4.0.2        	2.5.0        	Kong is a scalable, open source API layer (aka ...
bitnami/kube-prometheus                     	6.1.7        	0.50.0       	kube-prometheus collects Kubernetes manifests t...
bitnami/kube-state-metrics                  	2.1.7        	2.2.0        	kube-state-metrics is a simple service that lis...
bitnami/kubeapps                            	7.2.3        	2.3.4        	Kubeapps is a dashboard for your Kubernetes clu...
bitnami/kubernetes-event-exporter           	1.1.14       	0.10.0       	This tool allows exporting the often missed Kub...
bitnami/kubewatch                           	3.2.14       	0.1.0        	Kubewatch is a Kubernetes watcher that currentl...
bitnami/logstash                            	3.6.3        	7.14.0       	Logstash is an open source, server-side data pr...
bitnami/magento                             	18.1.9       	2.4.2        	A feature-rich flexible e-commerce solution. It...
bitnami/mariadb                             	9.4.4        	10.5.12      	Fast, reliable, scalable, and easy to use open-...
bitnami/mariadb-cluster                     	1.0.2        	10.2.14      	DEPRECATED Chart to create a Highly available M...
bitnami/mariadb-galera                      	5.13.4       	10.5.12      	MariaDB Galera is a multi-master database clust...
bitnami/mean                                	6.1.2        	4.6.2        	DEPRECATED MEAN is a free and open-source JavaS...
bitnami/mediawiki                           	12.3.10      	1.36.1       	Extremely powerful, scalable software and a fea...
bitnami/memcached                           	5.14.2       	1.6.10       	Chart for Memcached
bitnami/metallb                             	2.5.3        	0.10.2       	The Metal LB for Kubernetes
bitnami/metrics-server                      	5.9.3        	0.5.0        	Metrics Server is a cluster-wide aggregator of ...
bitnami/minio                               	7.1.9        	2021.6.17    	Bitnami Object Storage based on MinIO&reg; is a...
bitnami/mongodb                             	10.23.13     	4.4.8        	NoSQL document-oriented database that stores JS...
bitnami/mongodb-sharded                     	3.9.2        	4.4.8        	NoSQL document-oriented database that stores JS...
bitnami/moodle                              	11.0.25      	3.11.2       	Moodle&trade; is a learning platform designed t...
bitnami/mxnet                               	2.3.14       	1.8.0        	A flexible and efficient library for deep learning
bitnami/mysql                               	8.8.6        	8.0.26       	Chart to create a Highly available MySQL cluster
bitnami/nats                                	6.4.3        	2.3.4        	An open-source, cloud-native messaging system
bitnami/nginx                               	9.5.1        	1.21.1       	Chart for the nginx server
bitnami/nginx-ingress-controller            	7.6.20       	0.48.1       	Chart for the nginx Ingress controller
bitnami/node                                	15.2.25      	14.17.5      	Event-driven I/O server-side JavaScript environ...
bitnami/node-exporter                       	2.3.8        	1.2.2        	Prometheus exporter for hardware and OS metrics...
bitnami/oauth2-proxy                        	0.1.6        	7.1.3        	A reverse proxy and static file server that pro...
bitnami/odoo                                	19.0.7       	14.0.20210810	A suite of web based open source business apps.
bitnami/opencart                            	10.0.20      	3.0.3-6      	A free and open source e-commerce platform for ...
bitnami/orangehrm                           	10.1.18      	4.8.0-0      	OrangeHRM is a free HR management system that o...
bitnami/osclass                             	11.0.11      	4.4.0        	Osclass is a php script that allows you to quic...
bitnami/owncloud                            	10.2.23      	10.8.0       	A file sharing server that puts the control and...
bitnami/parse                               	15.0.6       	4.10.2       	Parse is a platform that enables users to add a...
bitnami/phabricator                         	11.0.27      	2021.26.0    	Collection of open source web applications that...
bitnami/phpbb                               	10.1.19      	3.3.4        	Community forum that supports the notion of use...
bitnami/phpmyadmin                          	8.2.12       	5.1.1        	phpMyAdmin is an mysql administration frontend
bitnami/postgresql                          	10.9.4       	11.13.0      	Chart for PostgreSQL, an object-relational data...
bitnami/postgresql-ha                       	7.9.2        	11.13.0      	Chart for PostgreSQL with HA architecture (usin...
bitnami/prestashop                          	13.1.23      	1.7.7-7      	A popular open source ecommerce solution. Profe...
bitnami/prometheus-operator                 	0.31.1       	0.41.0       	DEPRECATED The Prometheus Operator for Kubernet...
bitnami/pytorch                             	2.3.13       	1.9.0        	Deep learning platform that accelerates the tra...
bitnami/rabbitmq                            	8.20.3       	3.8.21       	Open source message broker software that implem...
bitnami/rabbitmq-cluster-operator           	0.1.1        	1.8.1        	The RabbitMQ Cluster Kubernetes Operator automa...
bitnami/redis                               	15.0.1       	6.2.5        	Open source, advanced key-value store. It is of...
bitnami/redis-cluster                       	6.3.5        	6.2.5        	Open source, advanced key-value store. It is of...
bitnami/redmine                             	17.0.4       	4.2.2        	A flexible project management web application.
bitnami/solr                                	2.0.3        	8.9.0        	Apache Solr is an open source enterprise search...
bitnami/spark                               	5.7.2        	3.1.2        	Spark is a fast and general-purpose cluster com...
bitnami/spring-cloud-dataflow               	4.0.2        	2.8.1        	Spring Cloud Data Flow is a microservices-based...
bitnami/sugarcrm                            	1.0.6        	6.5.26       	DEPRECATED SugarCRM enables businesses to creat...
bitnami/suitecrm                            	9.3.19       	7.11.20      	SuiteCRM is a completely open source enterprise...
bitnami/tensorflow-inception                	3.3.2        	1.13.0       	DEPRECATED Open-source software library for ser...
bitnami/tensorflow-resnet                   	3.2.13       	2.6.0        	Open-source software library serving the ResNet...
bitnami/testlink                            	9.2.19       	1.9.20       	Web-based test management system that facilitat...
bitnami/thanos                              	5.3.2        	0.22.0       	Thanos is a highly available metrics system tha...
bitnami/tomcat                              	9.2.24       	10.0.10      	Chart for Apache Tomcat
bitnami/wavefront                           	3.1.10       	1.5.0        	Chart for Wavefront Collector for Kubernetes
bitnami/wavefront-adapter-for-istio         	1.0.6        	0.1.5        	Wavefront Adapter for Istio is a lightweight Is...
bitnami/wavefront-hpa-adapter               	0.1.4        	0.9.8        	Wavefront HPA Adapter for Kubernetes is a Kuber...
bitnami/wavefront-prometheus-storage-adapter	1.0.7        	1.0.3        	Wavefront Storage Adapter is a Prometheus integ...
bitnami/wildfly                             	11.1.0       	24.0.1       	Chart for Wildfly
bitnami/wordpress                           	12.1.3       	5.8.0        	Web publishing platform for building blogs and ...
bitnami/zookeeper                           	7.4.1        	3.7.0        	A centralized service for maintaining configura...
kubectl apply -f jenkins-volume.yaml
persistentvolume/jenkins-pv created
kubectl apply -f jenkins-sa.yaml
serviceaccount/jenkins created
clusterrole.rbac.authorization.k8s.io/jenkins created
clusterrolebinding.rbac.authorization.k8s.io/jenkins created
helm install jenkins -n jenkins -f jenkins-values.yaml bitnami/jenkins
NAME: jenkins
LAST DEPLOYED: Wed Aug 25 22:19:52 2021
NAMESPACE: jenkins
STATUS: deployed
REVISION: 1
TEST SUITE: None
NOTES:
** Please be patient while the chart is being deployed **

1. Get the Jenkins URL by running:

** Please ensure an external IP is associated to the jenkins service before proceeding **
** Watch the status using: kubectl get svc --namespace jenkins -w jenkins **

  export SERVICE_IP=$(kubectl get svc --namespace jenkins jenkins --template "{{ range (index .status.loadBalancer.ingress 0) }}{{.}}{{ end }}")
  echo "Jenkins URL: http://$SERVICE_IP/"

2. Login with the following credentials

  echo Username: user
  echo Password: $(kubectl get secret --namespace jenkins jenkins -o jsonpath="{.data.jenkins-password}" | base64 --decode)
